<?xml version="1.0" encoding="UTF-8"?>
<!-- Generated by org.testng.reporters.JUnitReportReporter -->
<testsuite hostname="DESKTOP-2PSTLR1" failures="0" tests="6" name="com.reqresapi.testCases.TC003_Post_User_Record" time="0.007" errors="0" timestamp="2022-05-07T01:55:02 IST" skipped="0">
  <testcase classname="com.reqresapi.testCases.TC003_Post_User_Record" name="checkContentType" time="0.002"/>
  <system-out/>
  <testcase classname="com.reqresapi.testCases.TC003_Post_User_Record" name="checkResposeBody" time="0.001"/>
  <system-out/>
  <testcase classname="com.reqresapi.testCases.TC003_Post_User_Record" name="checkserverType" time="0.001"/>
  <system-out/>
  <testcase classname="com.reqresapi.testCases.TC003_Post_User_Record" name="checkContentLenght" time="0.001"/>
  <system-out/>
  <testcase classname="com.reqresapi.testCases.TC003_Post_User_Record" name="checkstatusLine" time="0.001"/>
  <system-out/>
  <testcase classname="com.reqresapi.testCases.TC003_Post_User_Record" name="checkStatusCode" time="0.001"/>
  <system-out/>
</testsuite> <!-- com.reqresapi.testCases.TC003_Post_User_Record -->
