<?xml version="1.0" encoding="UTF-8"?>
<!-- Generated by org.testng.reporters.JUnitReportReporter -->
<testsuite hostname="DESKTOP-2PSTLR1" failures="0" tests="7" name="com.reqresapi.testCases.TC001_Get_All_Users" time="0.092" errors="0" timestamp="2022-05-07T01:55:02 IST" skipped="0">
  <testcase classname="com.reqresapi.testCases.TC001_Get_All_Users" name="checkserverType" time="0.004"/>
  <system-out/>
  <testcase classname="com.reqresapi.testCases.TC001_Get_All_Users" name="checkstatusLine" time="0.004"/>
  <system-out/>
  <testcase classname="com.reqresapi.testCases.TC001_Get_All_Users" name="checkContentType" time="0.016"/>
  <system-out/>
  <testcase classname="com.reqresapi.testCases.TC001_Get_All_Users" name="checkcontentEncoding" time="0.004"/>
  <system-out/>
  <testcase classname="com.reqresapi.testCases.TC001_Get_All_Users" name="checkResposeBody" time="0.050"/>
  <system-out/>
  <testcase classname="com.reqresapi.testCases.TC001_Get_All_Users" name="checkStatusCode" time="0.004"/>
  <system-out/>
  <testcase classname="com.reqresapi.testCases.TC001_Get_All_Users" name="checkResponseTime" time="0.010"/>
  <system-out/>
</testsuite> <!-- com.reqresapi.testCases.TC001_Get_All_Users -->
