<?xml version="1.0" encoding="UTF-8"?>
<!-- Generated by org.testng.reporters.JUnitReportReporter -->
<testsuite hostname="DESKTOP-2PSTLR1" failures="0" tests="7" name="com.reqresapi.testCases.TC001_Get_All_Users" time="0.057" errors="0" timestamp="2022-05-07T10:02:14 IST" skipped="0">
  <testcase classname="com.reqresapi.testCases.TC001_Get_All_Users" name="checkResponseBody" time="0.042"/>
  <system-out/>
  <testcase classname="com.reqresapi.testCases.TC001_Get_All_Users" name="checkserverType" time="0.002"/>
  <system-out/>
  <testcase classname="com.reqresapi.testCases.TC001_Get_All_Users" name="checkStatusCode" time="0.002"/>
  <system-out/>
  <testcase classname="com.reqresapi.testCases.TC001_Get_All_Users" name="checkstatusLine" time="0.002"/>
  <system-out/>
  <testcase classname="com.reqresapi.testCases.TC001_Get_All_Users" name="checkContentType" time="0.007"/>
  <system-out/>
  <testcase classname="com.reqresapi.testCases.TC001_Get_All_Users" name="checkResponseTime" time="0.001"/>
  <system-out/>
  <testcase classname="com.reqresapi.testCases.TC001_Get_All_Users" name="checkcontentEncoding" time="0.001"/>
  <system-out/>
</testsuite> <!-- com.reqresapi.testCases.TC001_Get_All_Users -->
