<?xml version="1.0" encoding="UTF-8"?>
<!-- Generated by org.testng.reporters.JUnitReportReporter -->
<testsuite hostname="DESKTOP-2PSTLR1" failures="0" tests="6" name="com.reqresapi.testCases.TC002_Get_Single_User_Record" time="0.011" errors="0" timestamp="2022-05-07T10:02:14 IST" skipped="0">
  <testcase classname="com.reqresapi.testCases.TC002_Get_Single_User_Record" name="checkStatusCode" time="0.003"/>
  <system-out/>
  <testcase classname="com.reqresapi.testCases.TC002_Get_Single_User_Record" name="checkResponseTime" time="0.001"/>
  <system-out/>
  <testcase classname="com.reqresapi.testCases.TC002_Get_Single_User_Record" name="checkserverType" time="0.002"/>
  <system-out/>
  <testcase classname="com.reqresapi.testCases.TC002_Get_Single_User_Record" name="checkContentType" time="0.002"/>
  <system-out/>
  <testcase classname="com.reqresapi.testCases.TC002_Get_Single_User_Record" name="checkstatusLine" time="0.001"/>
  <system-out/>
  <testcase classname="com.reqresapi.testCases.TC002_Get_Single_User_Record" name="checkResponseBody" time="0.002"/>
  <system-out/>
</testsuite> <!-- com.reqresapi.testCases.TC002_Get_Single_User_Record -->
